[0.015s] Invoking command in '/home/ahmed/agv_ws/build/robot_mk1_utils': CMAKE_PREFIX_PATH=/opt/ros/humble /usr/bin/cmake --build /home/ahmed/agv_ws/build/robot_mk1_utils -- -j12 -l12
[0.061s] [35m[1mConsolidate compiler generated dependencies of target talker[0m
[0.080s] [100%] Built target talker
[0.093s] Invoked command in '/home/ahmed/agv_ws/build/robot_mk1_utils' returned '0': CMAKE_PREFIX_PATH=/opt/ros/humble /usr/bin/cmake --build /home/ahmed/agv_ws/build/robot_mk1_utils -- -j12 -l12
[0.104s] Invoking command in '/home/ahmed/agv_ws/build/robot_mk1_utils': CMAKE_PREFIX_PATH=/opt/ros/humble /usr/bin/cmake --install /home/ahmed/agv_ws/build/robot_mk1_utils
[0.112s] -- Install configuration: ""
[0.113s] -- Up-to-date: /home/ahmed/agv_ws/install/robot_mk1_utils/lib/robot_mk1_utils/talker
[0.113s] -- Up-to-date: /home/ahmed/agv_ws/install/robot_mk1_utils/share/ament_index/resource_index/package_run_dependencies/robot_mk1_utils
[0.113s] -- Up-to-date: /home/ahmed/agv_ws/install/robot_mk1_utils/share/ament_index/resource_index/parent_prefix_path/robot_mk1_utils
[0.113s] -- Up-to-date: /home/ahmed/agv_ws/install/robot_mk1_utils/share/robot_mk1_utils/environment/ament_prefix_path.sh
[0.114s] -- Up-to-date: /home/ahmed/agv_ws/install/robot_mk1_utils/share/robot_mk1_utils/environment/ament_prefix_path.dsv
[0.114s] -- Up-to-date: /home/ahmed/agv_ws/install/robot_mk1_utils/share/robot_mk1_utils/environment/path.sh
[0.114s] -- Up-to-date: /home/ahmed/agv_ws/install/robot_mk1_utils/share/robot_mk1_utils/environment/path.dsv
[0.114s] -- Up-to-date: /home/ahmed/agv_ws/install/robot_mk1_utils/share/robot_mk1_utils/local_setup.bash
[0.114s] -- Up-to-date: /home/ahmed/agv_ws/install/robot_mk1_utils/share/robot_mk1_utils/local_setup.sh
[0.114s] -- Up-to-date: /home/ahmed/agv_ws/install/robot_mk1_utils/share/robot_mk1_utils/local_setup.zsh
[0.115s] -- Up-to-date: /home/ahmed/agv_ws/install/robot_mk1_utils/share/robot_mk1_utils/local_setup.dsv
[0.115s] -- Installing: /home/ahmed/agv_ws/install/robot_mk1_utils/share/robot_mk1_utils/package.dsv
[0.115s] -- Up-to-date: /home/ahmed/agv_ws/install/robot_mk1_utils/share/ament_index/resource_index/packages/robot_mk1_utils
[0.115s] -- Up-to-date: /home/ahmed/agv_ws/install/robot_mk1_utils/share/robot_mk1_utils/cmake/robot_mk1_utilsConfig.cmake
[0.115s] -- Up-to-date: /home/ahmed/agv_ws/install/robot_mk1_utils/share/robot_mk1_utils/cmake/robot_mk1_utilsConfig-version.cmake
[0.115s] -- Up-to-date: /home/ahmed/agv_ws/install/robot_mk1_utils/share/robot_mk1_utils/package.xml
[0.117s] Invoked command in '/home/ahmed/agv_ws/build/robot_mk1_utils' returned '0': CMAKE_PREFIX_PATH=/opt/ros/humble /usr/bin/cmake --install /home/ahmed/agv_ws/build/robot_mk1_utils
