[0.016s] Invoking command in '/home/ahmed/agv_ws/build/robot_mk1_utils': CMAKE_PREFIX_PATH=${CMAKE_PREFIX_PATH}:/opt/ros/humble /usr/bin/cmake --build /home/ahmed/agv_ws/build/robot_mk1_utils -- -j12 -l12
[0.074s] [ 50%] [32mBuilding CXX object CMakeFiles/talker.dir/src/talker.cpp.o[0m
[4.426s] [100%] [32m[1mLinking CXX executable talker[0m
[4.675s] [100%] Built target talker
[4.688s] Invoked command in '/home/ahmed/agv_ws/build/robot_mk1_utils' returned '0': CMAKE_PREFIX_PATH=${CMAKE_PREFIX_PATH}:/opt/ros/humble /usr/bin/cmake --build /home/ahmed/agv_ws/build/robot_mk1_utils -- -j12 -l12
[4.698s] Invoking command in '/home/ahmed/agv_ws/build/robot_mk1_utils': CMAKE_PREFIX_PATH=${CMAKE_PREFIX_PATH}:/opt/ros/humble /usr/bin/cmake --install /home/ahmed/agv_ws/build/robot_mk1_utils
[4.706s] -- Install configuration: ""
[4.706s] -- Installing: /home/ahmed/agv_ws/install/robot_mk1_utils/lib/robot_mk1_utils/talker
[4.708s] -- Set runtime path of "/home/ahmed/agv_ws/install/robot_mk1_utils/lib/robot_mk1_utils/talker" to ""
[4.708s] -- Up-to-date: /home/ahmed/agv_ws/install/robot_mk1_utils/share/ament_index/resource_index/package_run_dependencies/robot_mk1_utils
[4.708s] -- Up-to-date: /home/ahmed/agv_ws/install/robot_mk1_utils/share/ament_index/resource_index/parent_prefix_path/robot_mk1_utils
[4.708s] -- Up-to-date: /home/ahmed/agv_ws/install/robot_mk1_utils/share/robot_mk1_utils/environment/ament_prefix_path.sh
[4.708s] -- Up-to-date: /home/ahmed/agv_ws/install/robot_mk1_utils/share/robot_mk1_utils/environment/ament_prefix_path.dsv
[4.709s] -- Up-to-date: /home/ahmed/agv_ws/install/robot_mk1_utils/share/robot_mk1_utils/environment/path.sh
[4.709s] -- Up-to-date: /home/ahmed/agv_ws/install/robot_mk1_utils/share/robot_mk1_utils/environment/path.dsv
[4.709s] -- Up-to-date: /home/ahmed/agv_ws/install/robot_mk1_utils/share/robot_mk1_utils/local_setup.bash
[4.709s] -- Up-to-date: /home/ahmed/agv_ws/install/robot_mk1_utils/share/robot_mk1_utils/local_setup.sh
[4.709s] -- Up-to-date: /home/ahmed/agv_ws/install/robot_mk1_utils/share/robot_mk1_utils/local_setup.zsh
[4.709s] -- Up-to-date: /home/ahmed/agv_ws/install/robot_mk1_utils/share/robot_mk1_utils/local_setup.dsv
[4.709s] -- Installing: /home/ahmed/agv_ws/install/robot_mk1_utils/share/robot_mk1_utils/package.dsv
[4.709s] -- Up-to-date: /home/ahmed/agv_ws/install/robot_mk1_utils/share/ament_index/resource_index/packages/robot_mk1_utils
[4.710s] -- Up-to-date: /home/ahmed/agv_ws/install/robot_mk1_utils/share/robot_mk1_utils/cmake/robot_mk1_utilsConfig.cmake
[4.710s] -- Up-to-date: /home/ahmed/agv_ws/install/robot_mk1_utils/share/robot_mk1_utils/cmake/robot_mk1_utilsConfig-version.cmake
[4.710s] -- Up-to-date: /home/ahmed/agv_ws/install/robot_mk1_utils/share/robot_mk1_utils/package.xml
[4.711s] Invoked command in '/home/ahmed/agv_ws/build/robot_mk1_utils' returned '0': CMAKE_PREFIX_PATH=${CMAKE_PREFIX_PATH}:/opt/ros/humble /usr/bin/cmake --install /home/ahmed/agv_ws/build/robot_mk1_utils
